[2026-05-23 01:00:08 +0000] [69118] [INFO] Starting gunicorn 26.0.0
[2026-05-23 01:00:08 +0000] [69118] [ERROR] Connection in use: ('0.0.0.0', 5000)
[2026-05-23 01:00:08 +0000] [69118] [ERROR] connection to ('0.0.0.0', 5000) failed: [Errno 98] Address already in use
[2026-05-23 01:00:09 +0000] [69118] [ERROR] Connection in use: ('0.0.0.0', 5000)
[2026-05-23 01:00:09 +0000] [69118] [ERROR] connection to ('0.0.0.0', 5000) failed: [Errno 98] Address already in use
[2026-05-23 01:00:10 +0000] [69118] [ERROR] Connection in use: ('0.0.0.0', 50[2026-05-23 01:04:10 +0000] [69062] [CRITICAL] WORKER TIMEOUT (pid:69063)
[2026-05-23 01:04:10 +0000] [69063] [ERROR] Error handling request (no URI read)
Traceback (most recent call last):
  File "/home/spade/ids-dashboard/.venv/lib/python3.13/site-packages/gunicorn/workers/sync.py", line 140, in handle
    req = next(parser)
  File "/home/spade/ids-dashboard/.venv/lib/python3.13/site-packages/gunicorn/http/parser.py", line 111, in __next__
    self.mesg = self.mesg_class(self.cfg, self.unreader, self.source_addr, self.req_count)
                ~~~~~~~~~~~~~~~^^^^^^^^^^^^^^^^^^^^^^^^^^^^^^^^^^^^^^^^^^^^^^^^^^^^^^^^^^^
  File "/home/spade/ids-dashboard/.venv/lib/python3.13/site-packages/gunicorn/http/message.py", line 459, in __init__
    super().__init__(cfg, unreader, peer_addr)
    ~~~~~~~~~~~~~~~~^^^^^^^^^^^^^^^^^^^^^^^^^^
  File "/home/spade/ids-dashboard/.venv/lib/python3.13/site-packages/gunicorn/http/message.py", line 199, in __init__
    unused = self.parse(self.unreader)
  File "/home/spade/ids-dashboard/.venv/lib/python3.13/site-packages/gunicorn/http/message.py", line 471, in parse
    self.read_into(unreader, buf, stop=True)
    ~~~~~~~~~~~~~~^^^^^^^^^^^^^^^^^^^^^^^^^^
  File "/home/spade/ids-dashboard/.venv/lib/python3.13/site-packages/gunicorn/http/message.py", line 605, in read_into
    data = unreader.read()
  File "/home/spade/ids-dashboard/.venv/lib/python3.13/site-packages/gunicorn/http/unreader.py", line 36, in read
    d = self.chunk()
  File "/home/spade/ids-dashboard/.venv/lib/python3.13/site-packages/gunicorn/http/unreader.py", line 65, in chunk
    return self.sock.recv(self.mxchunk)
           ~~~~~~~~~~~~~~^^^^^^^^^^^^^^
  File "/home/spade/ids-dashboard/.venv/lib/python3.13/site-packages/gunicorn/workers/base.py", line 198, in handle_abort
    sys.exit(1)
    ~~~~~~~~^^^
SystemExit: 1
[2026-05-23 01:04:10 +0000] [69063] [INFO] Worker exiting (pid: 69063)
[*] Random Forest Classifier loaded successfully
[*] Isolation Forest loaded successfully
[2026-05-23 01:04:11 +0000] [70402] [INFO] Booting worker with pid: 70402
[2026-05-23 01:04:11 +0000] [69062] [INFO] Control socket listening at /home/spade/.gunicorn/gunicorn.ctl
[2026-05-23 01:07:24 +0000] [69062] [CRITICAL] WORKER TIMEOUT (pid:69064)
[2026-05-23 01:07:24 +0000] [69064] [ERROR] Error handling request (no URI read)
Traceback (most recent call last):
  File "/home/spade/ids-dashboard/.venv/lib/python3.13/site-packages/gunicorn/workers/sync.py", line 140, in handle
    req = next(parser)
  File "/home/spade/ids-dashboard/.venv/lib/python3.13/site-packages/gunicorn/http/parser.py", line 111, in __next__
    self.mesg = self.mesg_class(self.cfg, self.unreader, self.source_addr, self.req_count)
                ~~~~~~~~~~~~~~~^^^^^^^^^^^^^^^^^^^^^^^^^^^^^^^^^^^^^^^^^^^^^^^^^^^^^^^^^^^
  File "/home/spade/ids-dashboard/.venv/lib/python3.13/site-packages/gunicorn/http/message.py", line 459, in __init__
    super().__init__(cfg, unreader, peer_addr)
    ~~~~~~~~~~~~~~~~^^^^^^^^^^^^^^^^^^^^^^^^^^
  File "/home/spade/ids-dashboard/.venv/lib/python3.13/site-packages/gunicorn/http/message.py", line 199, in __init__
    unused = self.parse(self.unreader)
  File "/home/spade/ids-dashboard/.venv/lib/python3.13/site-packages/gunicorn/http/message.py", line 471, in parse
    self.read_into(unreader, buf, stop=True)
    ~~~~~~~~~~~~~~^^^^^^^^^^^^^^^^^^^^^^^^^^
  File "/home/spade/ids-dashboard/.venv/lib/python3.13/site-packages/gunicorn/http/message.py", line 605, in read_into
    data = unreader.read()
  File "/home/spade/ids-dashboard/.venv/lib/python3.13/site-packages/gunicorn/http/unreader.py", line 36, in read
    d = self.chunk()
  File "/home/spade/ids-dashboard/.venv/lib/python3.13/site-packages/gunicorn/http/unreader.py", line 65, in chunk
    return self.sock.recv(self.mxchunk)
           ~~~~~~~~~~~~~~^^^^^^^^^^^^^^
  File "/home/spade/ids-dashboard/.venv/lib/python3.13/site-packages/gunicorn/workers/base.py", line 198, in handle_abort
    sys.exit(1)
    ~~~~~~~~^^^
SystemExit: 1
[2026-05-23 01:07:24 +0000] [69064] [INFO] Worker exiting (pid: 69064)
[*] Random Forest Classifier loaded successfully
[*] Isolation Forest loaded successfully
[2026-05-23 01:07:25 +0000] [71601] [INFO] Booting worker with pid: 71601
[2026-05-23 01:07:25 +0000] [69062] [INFO] Control socket listening at /home/spade/.gunicorn/gunicorn.ctl
